2026-04-12 12:39:00,476 | INFO | =======================================================
2026-04-12 12:39:00,476 | INFO | SILVER LAYER TRANSFORMATION — START
2026-04-12 12:39:00,476 | INFO | =======================================================
2026-04-12 12:39:00,476 | INFO | Loading Bronze file from: C:\Users\shivn\NASA-ASRS-Pipelines\data\bronze\ASRS_DBOnline.csv
2026-04-12 12:39:00,599 | INFO | Bronze loaded: 4501 rows, 125 columns
2026-04-12 12:39:00,599 | INFO | [Step 1] Selecting relevant columns...
2026-04-12 12:39:00,601 | INFO | Selected 17 columns
2026-04-12 12:39:00,602 | INFO | [Step 2] Removing ghost row...
2026-04-12 12:39:00,606 | INFO | Ghost rows removed: 1 | Rows remaining: 4500
2026-04-12 12:39:00,606 | INFO | [Step 3] Handling null values...
2026-04-12 12:39:00,608 | INFO |   Filled 503 nulls in 'Place_State_Reference' with 'UNKNOWN'
2026-04-12 12:39:00,608 | INFO |   Filled 2389 nulls in 'Place_Altitude.MSL.Single_Value' with 'UNKNOWN'
2026-04-12 12:39:00,609 | INFO |   Filled 2194 nulls in 'Environment_Flight_Conditions' with 'UNKNOWN'
2026-04-12 12:39:00,610 | INFO |   Filled 2948 nulls in 'Environment_Light' with 'UNKNOWN'
2026-04-12 12:39:00,611 | INFO |   Filled 126 nulls in 'Aircraft_1_Aircraft_Operator' with 'UNKNOWN'
2026-04-12 12:39:00,612 | INFO |   Filled 325 nulls in 'Aircraft_1_Mission' with 'UNKNOWN'
2026-04-12 12:39:00,613 | INFO |   Filled 91 nulls in 'Aircraft_1_Flight_Phase' with 'UNKNOWN'
2026-04-12 12:39:00,615 | INFO |   Filled 122 nulls in 'Aircraft_1_Operating_Under_FAR_Part' with 'UNKNOWN'
2026-04-12 12:39:00,617 | INFO |   Filled 779 nulls in 'Component_Aircraft_Component' with 'UNKNOWN'
2026-04-12 12:39:00,619 | INFO | Null handling complete
2026-04-12 12:39:00,619 | INFO | [Step 4] Checking for duplicates...
2026-04-12 12:39:00,622 | INFO | No duplicates found — all 4500 ACNs are unique
2026-04-12 12:39:00,623 | INFO | [Step 5] Converting data types...
2026-04-12 12:39:00,671 | INFO |   All string columns stripped of whitespace
2026-04-12 12:39:00,671 | INFO | Running validation checks...
2026-04-12 12:39:00,675 | INFO | All validation checks passed
2026-04-12 12:39:00,676 | INFO | [Step 6] Saving Silver layer...
2026-04-12 12:39:00,785 | INFO | Saved to: C:\Users\shivn\NASA-ASRS-Pipelines\data\silver\ASRS_SILVER_FINAL.csv
2026-04-12 12:39:00,786 | INFO | File size: 8132.5 KB
2026-04-12 12:39:00,786 | INFO | =======================================================
2026-04-12 12:39:00,786 | INFO | SILVER LAYER — FINAL AUDIT
2026-04-12 12:39:00,786 | INFO | =======================================================
2026-04-12 12:39:00,786 | INFO |   Total rows     : 4500
2026-04-12 12:39:00,787 | INFO |   Total columns  : 17
2026-04-12 12:39:00,787 | INFO |   Duplicate ACNs : 0
2026-04-12 12:39:00,787 | INFO |   Null in ACN    : 0
2026-04-12 12:39:00,793 | INFO |   Remaining nulls (expected — altitude only):
2026-04-12 12:39:00,793 | INFO |     Place_Altitude.MSL.Single_Value: 2389
2026-04-12 12:39:00,794 | INFO | =======================================================
2026-04-12 12:39:00,794 | INFO | Silver layer is locked and ready for Gold.
